2025-01-07 19:52:46 [main] INFO  ua.hillel.lessons.lesson32.log4j.demo_02.DatabaseInitializer - Database initialization started
2025-01-07 19:52:46 [main] INFO  ua.hillel.lessons.lesson32.log4j.demo_02.DatabaseInitializer - Users table created or already exist
2025-01-07 19:52:46 [main] INFO  ua.hillel.lessons.lesson32.log4j.demo_02.DatabaseInitializer - Orders table created or already exist
2025-01-07 19:52:46 [main] INFO  ua.hillel.lessons.lesson32.log4j.demo_02.DatabaseInitializer - User_Order view created or already exist
2025-01-07 19:52:53 [main] DEBUG ua.hillel.lessons.lesson32.log4j.demo_02.UserDAO - User found: Alex
2025-01-07 19:52:53 [main] DEBUG ua.hillel.lessons.lesson32.log4j.demo_02.UserDAO - User found: Oleg
2025-01-07 19:52:53 [main] DEBUG ua.hillel.lessons.lesson32.log4j.demo_02.UserDAO - User found: Max
2025-01-07 19:52:53 [main] DEBUG ua.hillel.lessons.lesson32.log4j.demo_02.UserDAO - User found: Den
[2025-01-07 20:02:12] [main] INFO  ua.hillel.lessons.lesson32.log4j.demo_02.DatabaseInitializer - Database initialization started
[2025-01-07 20:02:20] [main] INFO  ua.hillel.lessons.lesson32.log4j.demo_02.DatabaseInitializer - Users table created or already exist
[2025-01-07 20:02:21] [main] INFO  ua.hillel.lessons.lesson32.log4j.demo_02.DatabaseInitializer - Orders table created or already exist
[2025-01-07 20:02:22] [main] INFO  ua.hillel.lessons.lesson32.log4j.demo_02.DatabaseInitializer - User_Order view created or already exist
[2025-01-07 20:03:05] [main] INFO  ua.hillel.lessons.lesson32.log4j.demo_02.DatabaseInitializer - Database initialization started
[2025-01-07 20:03:05] [main] INFO  ua.hillel.lessons.lesson32.log4j.demo_02.DatabaseInitializer - Users table created or already exist
[2025-01-07 20:03:05] [main] INFO  ua.hillel.lessons.lesson32.log4j.demo_02.DatabaseInitializer - Orders table created or already exist
[2025-01-07 20:03:05] [main] INFO  ua.hillel.lessons.lesson32.log4j.demo_02.DatabaseInitializer - User_Order view created or already exist
[2025-01-07 20:04:16] [main] DEBUG ua.hillel.lessons.lesson32.log4j.demo_02.UserDAO - User found: Alex
[2025-01-07 20:04:16] [main] DEBUG ua.hillel.lessons.lesson32.log4j.demo_02.UserDAO - User found: Oleg
[2025-01-07 20:04:16] [main] DEBUG ua.hillel.lessons.lesson32.log4j.demo_02.UserDAO - User found: Max
[2025-01-07 20:04:16] [main] DEBUG ua.hillel.lessons.lesson32.log4j.demo_02.UserDAO - User found: Den
[2025-01-07 20:08:04] [main] INFO  ua.hillel.lessons.lesson32.log4j.demo_02.DatabaseInitializer - Database initialization started
[2025-01-07 20:08:04] [main] INFO  ua.hillel.lessons.lesson32.log4j.demo_02.DatabaseInitializer - Users table created or already exist
[2025-01-07 20:08:04] [main] INFO  ua.hillel.lessons.lesson32.log4j.demo_02.DatabaseInitializer - Orders table created or already exist
[2025-01-07 20:08:04] [main] INFO  ua.hillel.lessons.lesson32.log4j.demo_02.DatabaseInitializer - User_Order view created or already exist
[2025-01-07 20:10:43] [main] INFO  ua.hillel.lessons.lesson32.log4j.demo_02.UserDAO - User added successfully.
[2025-01-14 20:02:56] [main] DEBUG io.netty.util.internal.logging.InternalLoggerFactory - Using Log4J2 as the default logging framework
[2025-01-14 20:02:56] [main] DEBUG io.netty.channel.MultithreadEventLoopGroup - -Dio.netty.eventLoopThreads: 24
[2025-01-14 20:02:56] [main] DEBUG io.netty.util.concurrent.GlobalEventExecutor - -Dio.netty.globalEventExecutor.quietPeriodSeconds: 1
[2025-01-14 20:02:56] [main] DEBUG io.netty.util.internal.InternalThreadLocalMap - -Dio.netty.threadLocalMap.stringBuilder.initialSize: 1024
[2025-01-14 20:02:56] [main] DEBUG io.netty.util.internal.InternalThreadLocalMap - -Dio.netty.threadLocalMap.stringBuilder.maxSize: 4096
[2025-01-14 20:02:56] [main] DEBUG io.netty.util.internal.PlatformDependent0 - -Dio.netty.noUnsafe: false
[2025-01-14 20:02:56] [main] DEBUG io.netty.util.internal.PlatformDependent0 - Java version: 21
[2025-01-14 20:02:56] [main] DEBUG io.netty.util.internal.PlatformDependent0 - sun.misc.Unsafe.theUnsafe: available
[2025-01-14 20:02:56] [main] DEBUG io.netty.util.internal.PlatformDependent0 - sun.misc.Unsafe.copyMemory: available
[2025-01-14 20:02:56] [main] DEBUG io.netty.util.internal.PlatformDependent0 - sun.misc.Unsafe.storeFence: available
[2025-01-14 20:02:56] [main] DEBUG io.netty.util.internal.PlatformDependent0 - java.nio.Buffer.address: available
[2025-01-14 20:02:56] [main] DEBUG io.netty.util.internal.PlatformDependent0 - direct buffer constructor: unavailable
java.lang.UnsupportedOperationException: Reflective setAccessible(true) disabled
	at io.netty.util.internal.ReflectionUtil.trySetAccessible(ReflectionUtil.java:31) ~[netty-common-4.1.109.Final.jar:4.1.109.Final]
	at io.netty.util.internal.PlatformDependent0$5.run(PlatformDependent0.java:293) ~[netty-common-4.1.109.Final.jar:4.1.109.Final]
	at java.security.AccessController.doPrivileged(AccessController.java:319) ~[?:?]
	at io.netty.util.internal.PlatformDependent0.<clinit>(PlatformDependent0.java:286) [netty-common-4.1.109.Final.jar:4.1.109.Final]
	at io.netty.util.internal.PlatformDependent.isAndroid(PlatformDependent.java:331) [netty-common-4.1.109.Final.jar:4.1.109.Final]
	at io.netty.util.internal.PlatformDependent.<clinit>(PlatformDependent.java:86) [netty-common-4.1.109.Final.jar:4.1.109.Final]
	at io.netty.channel.nio.NioEventLoop.<clinit>(NioEventLoop.java:84) [netty-transport-4.1.109.Final.jar:4.1.109.Final]
	at io.netty.channel.nio.NioEventLoopGroup.newChild(NioEventLoopGroup.java:182) [netty-transport-4.1.109.Final.jar:4.1.109.Final]
	at io.netty.channel.nio.NioEventLoopGroup.newChild(NioEventLoopGroup.java:38) [netty-transport-4.1.109.Final.jar:4.1.109.Final]
	at io.netty.util.concurrent.MultithreadEventExecutorGroup.<init>(MultithreadEventExecutorGroup.java:84) [netty-common-4.1.109.Final.jar:4.1.109.Final]
	at io.netty.util.concurrent.MultithreadEventExecutorGroup.<init>(MultithreadEventExecutorGroup.java:60) [netty-common-4.1.109.Final.jar:4.1.109.Final]
	at io.netty.channel.MultithreadEventLoopGroup.<init>(MultithreadEventLoopGroup.java:52) [netty-transport-4.1.109.Final.jar:4.1.109.Final]
	at io.netty.channel.nio.NioEventLoopGroup.<init>(NioEventLoopGroup.java:97) [netty-transport-4.1.109.Final.jar:4.1.109.Final]
	at io.netty.channel.nio.NioEventLoopGroup.<init>(NioEventLoopGroup.java:92) [netty-transport-4.1.109.Final.jar:4.1.109.Final]
	at io.netty.channel.nio.NioEventLoopGroup.<init>(NioEventLoopGroup.java:73) [netty-transport-4.1.109.Final.jar:4.1.109.Final]
	at io.netty.channel.nio.NioEventLoopGroup.<init>(NioEventLoopGroup.java:53) [netty-transport-4.1.109.Final.jar:4.1.109.Final]
	at ua.hillel.lessons.lesson33.demos._05_netty.example.server.NettyServer.main(NettyServer.java:26) [classes/:?]
[2025-01-14 20:02:56] [main] DEBUG io.netty.util.internal.PlatformDependent0 - java.nio.Bits.unaligned: available, true
[2025-01-14 20:02:56] [main] DEBUG io.netty.util.internal.PlatformDependent0 - jdk.internal.misc.Unsafe.allocateUninitializedArray(int): unavailable
java.lang.IllegalAccessException: class io.netty.util.internal.PlatformDependent0$7 cannot access class jdk.internal.misc.Unsafe (in module java.base) because module java.base does not export jdk.internal.misc to unnamed module @1e67a849
	at jdk.internal.reflect.Reflection.newIllegalAccessException(Reflection.java:394) ~[?:?]
	at java.lang.reflect.AccessibleObject.checkAccess(AccessibleObject.java:714) ~[?:?]
	at java.lang.reflect.Method.invoke(Method.java:571) ~[?:?]
	at io.netty.util.internal.PlatformDependent0$7.run(PlatformDependent0.java:429) ~[netty-common-4.1.109.Final.jar:4.1.109.Final]
	at java.security.AccessController.doPrivileged(AccessController.java:319) ~[?:?]
	at io.netty.util.internal.PlatformDependent0.<clinit>(PlatformDependent0.java:420) [netty-common-4.1.109.Final.jar:4.1.109.Final]
	at io.netty.util.internal.PlatformDependent.isAndroid(PlatformDependent.java:331) [netty-common-4.1.109.Final.jar:4.1.109.Final]
	at io.netty.util.internal.PlatformDependent.<clinit>(PlatformDependent.java:86) [netty-common-4.1.109.Final.jar:4.1.109.Final]
	at io.netty.channel.nio.NioEventLoop.<clinit>(NioEventLoop.java:84) [netty-transport-4.1.109.Final.jar:4.1.109.Final]
	at io.netty.channel.nio.NioEventLoopGroup.newChild(NioEventLoopGroup.java:182) [netty-transport-4.1.109.Final.jar:4.1.109.Final]
	at io.netty.channel.nio.NioEventLoopGroup.newChild(NioEventLoopGroup.java:38) [netty-transport-4.1.109.Final.jar:4.1.109.Final]
	at io.netty.util.concurrent.MultithreadEventExecutorGroup.<init>(MultithreadEventExecutorGroup.java:84) [netty-common-4.1.109.Final.jar:4.1.109.Final]
	at io.netty.util.concurrent.MultithreadEventExecutorGroup.<init>(MultithreadEventExecutorGroup.java:60) [netty-common-4.1.109.Final.jar:4.1.109.Final]
	at io.netty.channel.MultithreadEventLoopGroup.<init>(MultithreadEventLoopGroup.java:52) [netty-transport-4.1.109.Final.jar:4.1.109.Final]
	at io.netty.channel.nio.NioEventLoopGroup.<init>(NioEventLoopGroup.java:97) [netty-transport-4.1.109.Final.jar:4.1.109.Final]
	at io.netty.channel.nio.NioEventLoopGroup.<init>(NioEventLoopGroup.java:92) [netty-transport-4.1.109.Final.jar:4.1.109.Final]
	at io.netty.channel.nio.NioEventLoopGroup.<init>(NioEventLoopGroup.java:73) [netty-transport-4.1.109.Final.jar:4.1.109.Final]
	at io.netty.channel.nio.NioEventLoopGroup.<init>(NioEventLoopGroup.java:53) [netty-transport-4.1.109.Final.jar:4.1.109.Final]
	at ua.hillel.lessons.lesson33.demos._05_netty.example.server.NettyServer.main(NettyServer.java:26) [classes/:?]
[2025-01-14 20:02:56] [main] DEBUG io.netty.util.internal.PlatformDependent0 - java.nio.DirectByteBuffer.<init>(long, {int,long}): unavailable
[2025-01-14 20:02:56] [main] DEBUG io.netty.util.internal.PlatformDependent - sun.misc.Unsafe: available
[2025-01-14 20:02:56] [main] DEBUG io.netty.util.internal.PlatformDependent - -Dio.netty.tmpdir: C:\Users\Den\AppData\Local\Temp (java.io.tmpdir)
[2025-01-14 20:02:56] [main] DEBUG io.netty.util.internal.PlatformDependent - -Dio.netty.bitMode: 64 (sun.arch.data.model)
[2025-01-14 20:02:56] [main] DEBUG io.netty.util.internal.PlatformDependent - Platform: Windows
[2025-01-14 20:02:56] [main] DEBUG io.netty.util.internal.PlatformDependent - -Dio.netty.maxDirectMemory: -1 bytes
[2025-01-14 20:02:56] [main] DEBUG io.netty.util.internal.PlatformDependent - -Dio.netty.uninitializedArrayAllocationThreshold: -1
[2025-01-14 20:02:56] [main] DEBUG io.netty.util.internal.CleanerJava9 - java.nio.ByteBuffer.cleaner(): available
[2025-01-14 20:02:56] [main] DEBUG io.netty.util.internal.PlatformDependent - -Dio.netty.noPreferDirect: false
[2025-01-14 20:02:56] [main] DEBUG io.netty.channel.nio.NioEventLoop - -Dio.netty.noKeySetOptimization: false
[2025-01-14 20:02:56] [main] DEBUG io.netty.channel.nio.NioEventLoop - -Dio.netty.selectorAutoRebuildThreshold: 512
[2025-01-14 20:02:56] [main] DEBUG io.netty.util.internal.PlatformDependent - org.jctools-core.MpscChunkedArrayQueue: available
[2025-01-14 20:02:56] [main] TRACE io.netty.channel.nio.NioEventLoop - instrumented a special java.util.Set into: sun.nio.ch.WEPollSelectorImpl@6e15fe2
[2025-01-14 20:02:56] [main] TRACE io.netty.channel.nio.NioEventLoop - instrumented a special java.util.Set into: sun.nio.ch.WEPollSelectorImpl@46271dd6
[2025-01-14 20:02:56] [main] TRACE io.netty.channel.nio.NioEventLoop - instrumented a special java.util.Set into: sun.nio.ch.WEPollSelectorImpl@11bb571c
[2025-01-14 20:02:56] [main] TRACE io.netty.channel.nio.NioEventLoop - instrumented a special java.util.Set into: sun.nio.ch.WEPollSelectorImpl@7c51f34b
[2025-01-14 20:02:56] [main] TRACE io.netty.channel.nio.NioEventLoop - instrumented a special java.util.Set into: sun.nio.ch.WEPollSelectorImpl@5495333e
[2025-01-14 20:02:56] [main] TRACE io.netty.channel.nio.NioEventLoop - instrumented a special java.util.Set into: sun.nio.ch.WEPollSelectorImpl@2a225dd7
[2025-01-14 20:02:56] [main] TRACE io.netty.channel.nio.NioEventLoop - instrumented a special java.util.Set into: sun.nio.ch.WEPollSelectorImpl@61eaec38
[2025-01-14 20:02:56] [main] TRACE io.netty.channel.nio.NioEventLoop - instrumented a special java.util.Set into: sun.nio.ch.WEPollSelectorImpl@125290e5
[2025-01-14 20:02:56] [main] TRACE io.netty.channel.nio.NioEventLoop - instrumented a special java.util.Set into: sun.nio.ch.WEPollSelectorImpl@6fa34d52
[2025-01-14 20:02:56] [main] TRACE io.netty.channel.nio.NioEventLoop - instrumented a special java.util.Set into: sun.nio.ch.WEPollSelectorImpl@57576994
[2025-01-14 20:02:56] [main] TRACE io.netty.channel.nio.NioEventLoop - instrumented a special java.util.Set into: sun.nio.ch.WEPollSelectorImpl@616ac46a
[2025-01-14 20:02:56] [main] TRACE io.netty.channel.nio.NioEventLoop - instrumented a special java.util.Set into: sun.nio.ch.WEPollSelectorImpl@67b9b51a
[2025-01-14 20:02:56] [main] TRACE io.netty.channel.nio.NioEventLoop - instrumented a special java.util.Set into: sun.nio.ch.WEPollSelectorImpl@1205bd62
[2025-01-14 20:02:56] [main] TRACE io.netty.channel.nio.NioEventLoop - instrumented a special java.util.Set into: sun.nio.ch.WEPollSelectorImpl@7ef27d7f
[2025-01-14 20:02:56] [main] TRACE io.netty.channel.nio.NioEventLoop - instrumented a special java.util.Set into: sun.nio.ch.WEPollSelectorImpl@490caf5f
[2025-01-14 20:02:56] [main] TRACE io.netty.channel.nio.NioEventLoop - instrumented a special java.util.Set into: sun.nio.ch.WEPollSelectorImpl@6337c201
[2025-01-14 20:02:56] [main] TRACE io.netty.channel.nio.NioEventLoop - instrumented a special java.util.Set into: sun.nio.ch.WEPollSelectorImpl@5c669da8
[2025-01-14 20:02:56] [main] TRACE io.netty.channel.nio.NioEventLoop - instrumented a special java.util.Set into: sun.nio.ch.WEPollSelectorImpl@31920ade
[2025-01-14 20:02:56] [main] TRACE io.netty.channel.nio.NioEventLoop - instrumented a special java.util.Set into: sun.nio.ch.WEPollSelectorImpl@1d483de4
[2025-01-14 20:02:56] [main] TRACE io.netty.channel.nio.NioEventLoop - instrumented a special java.util.Set into: sun.nio.ch.WEPollSelectorImpl@4032d386
[2025-01-14 20:02:56] [main] TRACE io.netty.channel.nio.NioEventLoop - instrumented a special java.util.Set into: sun.nio.ch.WEPollSelectorImpl@28d18df5
[2025-01-14 20:02:56] [main] TRACE io.netty.channel.nio.NioEventLoop - instrumented a special java.util.Set into: sun.nio.ch.WEPollSelectorImpl@934b6cb
[2025-01-14 20:02:56] [main] TRACE io.netty.channel.nio.NioEventLoop - instrumented a special java.util.Set into: sun.nio.ch.WEPollSelectorImpl@55cf0d14
[2025-01-14 20:02:56] [main] TRACE io.netty.channel.nio.NioEventLoop - instrumented a special java.util.Set into: sun.nio.ch.WEPollSelectorImpl@3b74ac8
[2025-01-14 20:02:56] [main] TRACE io.netty.channel.nio.NioEventLoop - instrumented a special java.util.Set into: sun.nio.ch.WEPollSelectorImpl@27adc16e
[2025-01-14 20:02:56] [main] DEBUG io.netty.channel.DefaultChannelId - -Dio.netty.processId: 7156 (auto-detected)
[2025-01-14 20:02:56] [main] DEBUG io.netty.util.NetUtil - -Djava.net.preferIPv4Stack: false
[2025-01-14 20:02:56] [main] DEBUG io.netty.util.NetUtil - -Djava.net.preferIPv6Addresses: false
[2025-01-14 20:02:56] [main] DEBUG io.netty.util.NetUtilInitializations - Loopback interface: loopback_0 (Software Loopback Interface 1, 0:0:0:0:0:0:0:1)
[2025-01-14 20:02:56] [main] DEBUG io.netty.util.NetUtil - Failed to get SOMAXCONN from sysctl and file \proc\sys\net\core\somaxconn. Default: 200
[2025-01-14 20:02:56] [main] DEBUG io.netty.channel.DefaultChannelId - -Dio.netty.machineId: 00:15:5d:ff:fe:8d:c1:7a (auto-detected)
[2025-01-14 20:02:56] [main] DEBUG io.netty.util.ResourceLeakDetector - -Dio.netty.leakDetection.level: simple
[2025-01-14 20:02:56] [main] DEBUG io.netty.util.ResourceLeakDetector - -Dio.netty.leakDetection.targetRecords: 4
[2025-01-14 20:02:56] [main] DEBUG io.netty.buffer.PooledByteBufAllocator - -Dio.netty.allocator.numHeapArenas: 24
[2025-01-14 20:02:56] [main] DEBUG io.netty.buffer.PooledByteBufAllocator - -Dio.netty.allocator.numDirectArenas: 24
[2025-01-14 20:02:56] [main] DEBUG io.netty.buffer.PooledByteBufAllocator - -Dio.netty.allocator.pageSize: 8192
[2025-01-14 20:02:56] [main] DEBUG io.netty.buffer.PooledByteBufAllocator - -Dio.netty.allocator.maxOrder: 9
[2025-01-14 20:02:56] [main] DEBUG io.netty.buffer.PooledByteBufAllocator - -Dio.netty.allocator.chunkSize: 4194304
[2025-01-14 20:02:56] [main] DEBUG io.netty.buffer.PooledByteBufAllocator - -Dio.netty.allocator.smallCacheSize: 256
[2025-01-14 20:02:56] [main] DEBUG io.netty.buffer.PooledByteBufAllocator - -Dio.netty.allocator.normalCacheSize: 64
[2025-01-14 20:02:56] [main] DEBUG io.netty.buffer.PooledByteBufAllocator - -Dio.netty.allocator.maxCachedBufferCapacity: 32768
[2025-01-14 20:02:56] [main] DEBUG io.netty.buffer.PooledByteBufAllocator - -Dio.netty.allocator.cacheTrimInterval: 8192
[2025-01-14 20:02:56] [main] DEBUG io.netty.buffer.PooledByteBufAllocator - -Dio.netty.allocator.cacheTrimIntervalMillis: 0
[2025-01-14 20:02:56] [main] DEBUG io.netty.buffer.PooledByteBufAllocator - -Dio.netty.allocator.useCacheForAllThreads: false
[2025-01-14 20:02:56] [main] DEBUG io.netty.buffer.PooledByteBufAllocator - -Dio.netty.allocator.maxCachedByteBuffersPerChunk: 1023
[2025-01-14 20:02:56] [main] DEBUG io.netty.buffer.ByteBufUtil - -Dio.netty.allocator.type: pooled
[2025-01-14 20:02:56] [main] DEBUG io.netty.buffer.ByteBufUtil - -Dio.netty.threadLocalDirectBufferSize: 0
[2025-01-14 20:02:56] [main] DEBUG io.netty.buffer.ByteBufUtil - -Dio.netty.maxThreadLocalCharBufferSize: 16384
[2025-01-14 20:02:56] [main] DEBUG io.netty.bootstrap.ChannelInitializerExtensions - -Dio.netty.bootstrap.extensions: null
[2025-01-14 20:03:34] [main] DEBUG io.netty.util.internal.logging.InternalLoggerFactory - Using Log4J2 as the default logging framework
[2025-01-14 20:03:34] [main] DEBUG io.netty.channel.MultithreadEventLoopGroup - -Dio.netty.eventLoopThreads: 24
[2025-01-14 20:03:34] [main] DEBUG io.netty.util.concurrent.GlobalEventExecutor - -Dio.netty.globalEventExecutor.quietPeriodSeconds: 1
[2025-01-14 20:03:34] [main] DEBUG io.netty.util.internal.InternalThreadLocalMap - -Dio.netty.threadLocalMap.stringBuilder.initialSize: 1024
[2025-01-14 20:03:34] [main] DEBUG io.netty.util.internal.InternalThreadLocalMap - -Dio.netty.threadLocalMap.stringBuilder.maxSize: 4096
[2025-01-14 20:03:34] [main] DEBUG io.netty.util.internal.PlatformDependent0 - -Dio.netty.noUnsafe: false
[2025-01-14 20:03:34] [main] DEBUG io.netty.util.internal.PlatformDependent0 - Java version: 21
[2025-01-14 20:03:34] [main] DEBUG io.netty.util.internal.PlatformDependent0 - sun.misc.Unsafe.theUnsafe: available
[2025-01-14 20:03:34] [main] DEBUG io.netty.util.internal.PlatformDependent0 - sun.misc.Unsafe.copyMemory: available
[2025-01-14 20:03:34] [main] DEBUG io.netty.util.internal.PlatformDependent0 - sun.misc.Unsafe.storeFence: available
[2025-01-14 20:03:34] [main] DEBUG io.netty.util.internal.PlatformDependent0 - java.nio.Buffer.address: available
[2025-01-14 20:03:34] [main] DEBUG io.netty.util.internal.PlatformDependent0 - direct buffer constructor: unavailable
java.lang.UnsupportedOperationException: Reflective setAccessible(true) disabled
	at io.netty.util.internal.ReflectionUtil.trySetAccessible(ReflectionUtil.java:31) ~[netty-common-4.1.109.Final.jar:4.1.109.Final]
	at io.netty.util.internal.PlatformDependent0$5.run(PlatformDependent0.java:293) ~[netty-common-4.1.109.Final.jar:4.1.109.Final]
	at java.security.AccessController.doPrivileged(AccessController.java:319) ~[?:?]
	at io.netty.util.internal.PlatformDependent0.<clinit>(PlatformDependent0.java:286) [netty-common-4.1.109.Final.jar:4.1.109.Final]
	at io.netty.util.internal.PlatformDependent.isAndroid(PlatformDependent.java:331) [netty-common-4.1.109.Final.jar:4.1.109.Final]
	at io.netty.util.internal.PlatformDependent.<clinit>(PlatformDependent.java:86) [netty-common-4.1.109.Final.jar:4.1.109.Final]
	at io.netty.channel.nio.NioEventLoop.<clinit>(NioEventLoop.java:84) [netty-transport-4.1.109.Final.jar:4.1.109.Final]
	at io.netty.channel.nio.NioEventLoopGroup.newChild(NioEventLoopGroup.java:182) [netty-transport-4.1.109.Final.jar:4.1.109.Final]
	at io.netty.channel.nio.NioEventLoopGroup.newChild(NioEventLoopGroup.java:38) [netty-transport-4.1.109.Final.jar:4.1.109.Final]
	at io.netty.util.concurrent.MultithreadEventExecutorGroup.<init>(MultithreadEventExecutorGroup.java:84) [netty-common-4.1.109.Final.jar:4.1.109.Final]
	at io.netty.util.concurrent.MultithreadEventExecutorGroup.<init>(MultithreadEventExecutorGroup.java:60) [netty-common-4.1.109.Final.jar:4.1.109.Final]
	at io.netty.channel.MultithreadEventLoopGroup.<init>(MultithreadEventLoopGroup.java:52) [netty-transport-4.1.109.Final.jar:4.1.109.Final]
	at io.netty.channel.nio.NioEventLoopGroup.<init>(NioEventLoopGroup.java:97) [netty-transport-4.1.109.Final.jar:4.1.109.Final]
	at io.netty.channel.nio.NioEventLoopGroup.<init>(NioEventLoopGroup.java:92) [netty-transport-4.1.109.Final.jar:4.1.109.Final]
	at io.netty.channel.nio.NioEventLoopGroup.<init>(NioEventLoopGroup.java:73) [netty-transport-4.1.109.Final.jar:4.1.109.Final]
	at io.netty.channel.nio.NioEventLoopGroup.<init>(NioEventLoopGroup.java:53) [netty-transport-4.1.109.Final.jar:4.1.109.Final]
	at ua.hillel.lessons.lesson33.demos._05_netty.example.server.NettyServer.main(NettyServer.java:26) [classes/:?]
[2025-01-14 20:03:34] [main] DEBUG io.netty.util.internal.PlatformDependent0 - java.nio.Bits.unaligned: available, true
[2025-01-14 20:03:34] [main] DEBUG io.netty.util.internal.PlatformDependent0 - jdk.internal.misc.Unsafe.allocateUninitializedArray(int): unavailable
java.lang.IllegalAccessException: class io.netty.util.internal.PlatformDependent0$7 cannot access class jdk.internal.misc.Unsafe (in module java.base) because module java.base does not export jdk.internal.misc to unnamed module @1e67a849
	at jdk.internal.reflect.Reflection.newIllegalAccessException(Reflection.java:394) ~[?:?]
	at java.lang.reflect.AccessibleObject.checkAccess(AccessibleObject.java:714) ~[?:?]
	at java.lang.reflect.Method.invoke(Method.java:571) ~[?:?]
	at io.netty.util.internal.PlatformDependent0$7.run(PlatformDependent0.java:429) ~[netty-common-4.1.109.Final.jar:4.1.109.Final]
	at java.security.AccessController.doPrivileged(AccessController.java:319) ~[?:?]
	at io.netty.util.internal.PlatformDependent0.<clinit>(PlatformDependent0.java:420) [netty-common-4.1.109.Final.jar:4.1.109.Final]
	at io.netty.util.internal.PlatformDependent.isAndroid(PlatformDependent.java:331) [netty-common-4.1.109.Final.jar:4.1.109.Final]
	at io.netty.util.internal.PlatformDependent.<clinit>(PlatformDependent.java:86) [netty-common-4.1.109.Final.jar:4.1.109.Final]
	at io.netty.channel.nio.NioEventLoop.<clinit>(NioEventLoop.java:84) [netty-transport-4.1.109.Final.jar:4.1.109.Final]
	at io.netty.channel.nio.NioEventLoopGroup.newChild(NioEventLoopGroup.java:182) [netty-transport-4.1.109.Final.jar:4.1.109.Final]
	at io.netty.channel.nio.NioEventLoopGroup.newChild(NioEventLoopGroup.java:38) [netty-transport-4.1.109.Final.jar:4.1.109.Final]
	at io.netty.util.concurrent.MultithreadEventExecutorGroup.<init>(MultithreadEventExecutorGroup.java:84) [netty-common-4.1.109.Final.jar:4.1.109.Final]
	at io.netty.util.concurrent.MultithreadEventExecutorGroup.<init>(MultithreadEventExecutorGroup.java:60) [netty-common-4.1.109.Final.jar:4.1.109.Final]
	at io.netty.channel.MultithreadEventLoopGroup.<init>(MultithreadEventLoopGroup.java:52) [netty-transport-4.1.109.Final.jar:4.1.109.Final]
	at io.netty.channel.nio.NioEventLoopGroup.<init>(NioEventLoopGroup.java:97) [netty-transport-4.1.109.Final.jar:4.1.109.Final]
	at io.netty.channel.nio.NioEventLoopGroup.<init>(NioEventLoopGroup.java:92) [netty-transport-4.1.109.Final.jar:4.1.109.Final]
	at io.netty.channel.nio.NioEventLoopGroup.<init>(NioEventLoopGroup.java:73) [netty-transport-4.1.109.Final.jar:4.1.109.Final]
	at io.netty.channel.nio.NioEventLoopGroup.<init>(NioEventLoopGroup.java:53) [netty-transport-4.1.109.Final.jar:4.1.109.Final]
	at ua.hillel.lessons.lesson33.demos._05_netty.example.server.NettyServer.main(NettyServer.java:26) [classes/:?]
[2025-01-14 20:03:34] [main] DEBUG io.netty.util.internal.PlatformDependent0 - java.nio.DirectByteBuffer.<init>(long, {int,long}): unavailable
[2025-01-14 20:03:34] [main] DEBUG io.netty.util.internal.PlatformDependent - sun.misc.Unsafe: available
[2025-01-14 20:03:34] [main] DEBUG io.netty.util.internal.PlatformDependent - -Dio.netty.tmpdir: C:\Users\Den\AppData\Local\Temp (java.io.tmpdir)
[2025-01-14 20:03:34] [main] DEBUG io.netty.util.internal.PlatformDependent - -Dio.netty.bitMode: 64 (sun.arch.data.model)
[2025-01-14 20:03:34] [main] DEBUG io.netty.util.internal.PlatformDependent - Platform: Windows
[2025-01-14 20:03:34] [main] DEBUG io.netty.util.internal.PlatformDependent - -Dio.netty.maxDirectMemory: -1 bytes
[2025-01-14 20:03:34] [main] DEBUG io.netty.util.internal.PlatformDependent - -Dio.netty.uninitializedArrayAllocationThreshold: -1
[2025-01-14 20:03:34] [main] DEBUG io.netty.util.internal.CleanerJava9 - java.nio.ByteBuffer.cleaner(): available
[2025-01-14 20:03:34] [main] DEBUG io.netty.util.internal.PlatformDependent - -Dio.netty.noPreferDirect: false
[2025-01-14 20:03:34] [main] DEBUG io.netty.channel.nio.NioEventLoop - -Dio.netty.noKeySetOptimization: false
[2025-01-14 20:03:34] [main] DEBUG io.netty.channel.nio.NioEventLoop - -Dio.netty.selectorAutoRebuildThreshold: 512
[2025-01-14 20:03:34] [main] DEBUG io.netty.util.internal.PlatformDependent - org.jctools-core.MpscChunkedArrayQueue: available
[2025-01-14 20:03:35] [main] TRACE io.netty.channel.nio.NioEventLoop - instrumented a special java.util.Set into: sun.nio.ch.WEPollSelectorImpl@6e15fe2
[2025-01-14 20:03:35] [main] TRACE io.netty.channel.nio.NioEventLoop - instrumented a special java.util.Set into: sun.nio.ch.WEPollSelectorImpl@46271dd6
[2025-01-14 20:03:35] [main] TRACE io.netty.channel.nio.NioEventLoop - instrumented a special java.util.Set into: sun.nio.ch.WEPollSelectorImpl@11bb571c
[2025-01-14 20:03:35] [main] TRACE io.netty.channel.nio.NioEventLoop - instrumented a special java.util.Set into: sun.nio.ch.WEPollSelectorImpl@7c51f34b
[2025-01-14 20:03:35] [main] TRACE io.netty.channel.nio.NioEventLoop - instrumented a special java.util.Set into: sun.nio.ch.WEPollSelectorImpl@5495333e
[2025-01-14 20:03:35] [main] TRACE io.netty.channel.nio.NioEventLoop - instrumented a special java.util.Set into: sun.nio.ch.WEPollSelectorImpl@2a225dd7
[2025-01-14 20:03:35] [main] TRACE io.netty.channel.nio.NioEventLoop - instrumented a special java.util.Set into: sun.nio.ch.WEPollSelectorImpl@61eaec38
[2025-01-14 20:03:35] [main] TRACE io.netty.channel.nio.NioEventLoop - instrumented a special java.util.Set into: sun.nio.ch.WEPollSelectorImpl@125290e5
[2025-01-14 20:03:35] [main] TRACE io.netty.channel.nio.NioEventLoop - instrumented a special java.util.Set into: sun.nio.ch.WEPollSelectorImpl@6fa34d52
[2025-01-14 20:03:35] [main] TRACE io.netty.channel.nio.NioEventLoop - instrumented a special java.util.Set into: sun.nio.ch.WEPollSelectorImpl@57576994
[2025-01-14 20:03:35] [main] TRACE io.netty.channel.nio.NioEventLoop - instrumented a special java.util.Set into: sun.nio.ch.WEPollSelectorImpl@616ac46a
[2025-01-14 20:03:35] [main] TRACE io.netty.channel.nio.NioEventLoop - instrumented a special java.util.Set into: sun.nio.ch.WEPollSelectorImpl@67b9b51a
[2025-01-14 20:03:35] [main] TRACE io.netty.channel.nio.NioEventLoop - instrumented a special java.util.Set into: sun.nio.ch.WEPollSelectorImpl@1205bd62
[2025-01-14 20:03:35] [main] TRACE io.netty.channel.nio.NioEventLoop - instrumented a special java.util.Set into: sun.nio.ch.WEPollSelectorImpl@7ef27d7f
[2025-01-14 20:03:35] [main] TRACE io.netty.channel.nio.NioEventLoop - instrumented a special java.util.Set into: sun.nio.ch.WEPollSelectorImpl@490caf5f
[2025-01-14 20:03:35] [main] TRACE io.netty.channel.nio.NioEventLoop - instrumented a special java.util.Set into: sun.nio.ch.WEPollSelectorImpl@6337c201
[2025-01-14 20:03:35] [main] TRACE io.netty.channel.nio.NioEventLoop - instrumented a special java.util.Set into: sun.nio.ch.WEPollSelectorImpl@5c669da8
[2025-01-14 20:03:35] [main] TRACE io.netty.channel.nio.NioEventLoop - instrumented a special java.util.Set into: sun.nio.ch.WEPollSelectorImpl@31920ade
[2025-01-14 20:03:35] [main] TRACE io.netty.channel.nio.NioEventLoop - instrumented a special java.util.Set into: sun.nio.ch.WEPollSelectorImpl@1d483de4
[2025-01-14 20:03:35] [main] TRACE io.netty.channel.nio.NioEventLoop - instrumented a special java.util.Set into: sun.nio.ch.WEPollSelectorImpl@4032d386
[2025-01-14 20:03:35] [main] TRACE io.netty.channel.nio.NioEventLoop - instrumented a special java.util.Set into: sun.nio.ch.WEPollSelectorImpl@28d18df5
[2025-01-14 20:03:35] [main] TRACE io.netty.channel.nio.NioEventLoop - instrumented a special java.util.Set into: sun.nio.ch.WEPollSelectorImpl@934b6cb
[2025-01-14 20:03:35] [main] TRACE io.netty.channel.nio.NioEventLoop - instrumented a special java.util.Set into: sun.nio.ch.WEPollSelectorImpl@55cf0d14
[2025-01-14 20:03:35] [main] TRACE io.netty.channel.nio.NioEventLoop - instrumented a special java.util.Set into: sun.nio.ch.WEPollSelectorImpl@3b74ac8
[2025-01-14 20:03:35] [main] TRACE io.netty.channel.nio.NioEventLoop - instrumented a special java.util.Set into: sun.nio.ch.WEPollSelectorImpl@27adc16e
[2025-01-14 20:03:35] [main] DEBUG io.netty.channel.DefaultChannelId - -Dio.netty.processId: 7524 (auto-detected)
[2025-01-14 20:03:35] [main] DEBUG io.netty.util.NetUtil - -Djava.net.preferIPv4Stack: false
[2025-01-14 20:03:35] [main] DEBUG io.netty.util.NetUtil - -Djava.net.preferIPv6Addresses: false
[2025-01-14 20:03:35] [main] DEBUG io.netty.util.NetUtilInitializations - Loopback interface: loopback_0 (Software Loopback Interface 1, 0:0:0:0:0:0:0:1)
[2025-01-14 20:03:35] [main] DEBUG io.netty.util.NetUtil - Failed to get SOMAXCONN from sysctl and file \proc\sys\net\core\somaxconn. Default: 200
[2025-01-14 20:03:35] [main] DEBUG io.netty.channel.DefaultChannelId - -Dio.netty.machineId: 00:15:5d:ff:fe:8d:c1:7a (auto-detected)
[2025-01-14 20:03:35] [main] DEBUG io.netty.util.ResourceLeakDetector - -Dio.netty.leakDetection.level: simple
[2025-01-14 20:03:35] [main] DEBUG io.netty.util.ResourceLeakDetector - -Dio.netty.leakDetection.targetRecords: 4
[2025-01-14 20:03:35] [main] DEBUG io.netty.buffer.PooledByteBufAllocator - -Dio.netty.allocator.numHeapArenas: 24
[2025-01-14 20:03:35] [main] DEBUG io.netty.buffer.PooledByteBufAllocator - -Dio.netty.allocator.numDirectArenas: 24
[2025-01-14 20:03:35] [main] DEBUG io.netty.buffer.PooledByteBufAllocator - -Dio.netty.allocator.pageSize: 8192
[2025-01-14 20:03:35] [main] DEBUG io.netty.buffer.PooledByteBufAllocator - -Dio.netty.allocator.maxOrder: 9
[2025-01-14 20:03:35] [main] DEBUG io.netty.buffer.PooledByteBufAllocator - -Dio.netty.allocator.chunkSize: 4194304
[2025-01-14 20:03:35] [main] DEBUG io.netty.buffer.PooledByteBufAllocator - -Dio.netty.allocator.smallCacheSize: 256
[2025-01-14 20:03:35] [main] DEBUG io.netty.buffer.PooledByteBufAllocator - -Dio.netty.allocator.normalCacheSize: 64
[2025-01-14 20:03:35] [main] DEBUG io.netty.buffer.PooledByteBufAllocator - -Dio.netty.allocator.maxCachedBufferCapacity: 32768
[2025-01-14 20:03:35] [main] DEBUG io.netty.buffer.PooledByteBufAllocator - -Dio.netty.allocator.cacheTrimInterval: 8192
[2025-01-14 20:03:35] [main] DEBUG io.netty.buffer.PooledByteBufAllocator - -Dio.netty.allocator.cacheTrimIntervalMillis: 0
[2025-01-14 20:03:35] [main] DEBUG io.netty.buffer.PooledByteBufAllocator - -Dio.netty.allocator.useCacheForAllThreads: false
[2025-01-14 20:03:35] [main] DEBUG io.netty.buffer.PooledByteBufAllocator - -Dio.netty.allocator.maxCachedByteBuffersPerChunk: 1023
[2025-01-14 20:03:35] [main] DEBUG io.netty.buffer.ByteBufUtil - -Dio.netty.allocator.type: pooled
[2025-01-14 20:03:35] [main] DEBUG io.netty.buffer.ByteBufUtil - -Dio.netty.threadLocalDirectBufferSize: 0
[2025-01-14 20:03:35] [main] DEBUG io.netty.buffer.ByteBufUtil - -Dio.netty.maxThreadLocalCharBufferSize: 16384
[2025-01-14 20:03:35] [main] DEBUG io.netty.bootstrap.ChannelInitializerExtensions - -Dio.netty.bootstrap.extensions: null
[2025-01-14 20:04:23] [main] DEBUG io.netty.util.internal.logging.InternalLoggerFactory - Using Log4J2 as the default logging framework
[2025-01-14 20:04:23] [main] DEBUG io.netty.channel.MultithreadEventLoopGroup - -Dio.netty.eventLoopThreads: 24
[2025-01-14 20:04:23] [main] DEBUG io.netty.util.concurrent.GlobalEventExecutor - -Dio.netty.globalEventExecutor.quietPeriodSeconds: 1
[2025-01-14 20:04:23] [main] DEBUG io.netty.util.internal.InternalThreadLocalMap - -Dio.netty.threadLocalMap.stringBuilder.initialSize: 1024
[2025-01-14 20:04:23] [main] DEBUG io.netty.util.internal.InternalThreadLocalMap - -Dio.netty.threadLocalMap.stringBuilder.maxSize: 4096
[2025-01-14 20:04:23] [main] DEBUG io.netty.util.internal.PlatformDependent0 - -Dio.netty.noUnsafe: false
[2025-01-14 20:04:23] [main] DEBUG io.netty.util.internal.PlatformDependent0 - Java version: 21
[2025-01-14 20:04:23] [main] DEBUG io.netty.util.internal.PlatformDependent0 - sun.misc.Unsafe.theUnsafe: available
[2025-01-14 20:04:23] [main] DEBUG io.netty.util.internal.PlatformDependent0 - sun.misc.Unsafe.copyMemory: available
[2025-01-14 20:04:23] [main] DEBUG io.netty.util.internal.PlatformDependent0 - sun.misc.Unsafe.storeFence: available
[2025-01-14 20:04:23] [main] DEBUG io.netty.util.internal.PlatformDependent0 - java.nio.Buffer.address: available
[2025-01-14 20:04:23] [main] DEBUG io.netty.util.internal.PlatformDependent0 - direct buffer constructor: unavailable
java.lang.UnsupportedOperationException: Reflective setAccessible(true) disabled
	at io.netty.util.internal.ReflectionUtil.trySetAccessible(ReflectionUtil.java:31) ~[netty-common-4.1.109.Final.jar:4.1.109.Final]
	at io.netty.util.internal.PlatformDependent0$5.run(PlatformDependent0.java:293) ~[netty-common-4.1.109.Final.jar:4.1.109.Final]
	at java.security.AccessController.doPrivileged(AccessController.java:319) ~[?:?]
	at io.netty.util.internal.PlatformDependent0.<clinit>(PlatformDependent0.java:286) [netty-common-4.1.109.Final.jar:4.1.109.Final]
	at io.netty.util.internal.PlatformDependent.isAndroid(PlatformDependent.java:331) [netty-common-4.1.109.Final.jar:4.1.109.Final]
	at io.netty.util.internal.PlatformDependent.<clinit>(PlatformDependent.java:86) [netty-common-4.1.109.Final.jar:4.1.109.Final]
	at io.netty.channel.nio.NioEventLoop.<clinit>(NioEventLoop.java:84) [netty-transport-4.1.109.Final.jar:4.1.109.Final]
	at io.netty.channel.nio.NioEventLoopGroup.newChild(NioEventLoopGroup.java:182) [netty-transport-4.1.109.Final.jar:4.1.109.Final]
	at io.netty.channel.nio.NioEventLoopGroup.newChild(NioEventLoopGroup.java:38) [netty-transport-4.1.109.Final.jar:4.1.109.Final]
	at io.netty.util.concurrent.MultithreadEventExecutorGroup.<init>(MultithreadEventExecutorGroup.java:84) [netty-common-4.1.109.Final.jar:4.1.109.Final]
	at io.netty.util.concurrent.MultithreadEventExecutorGroup.<init>(MultithreadEventExecutorGroup.java:60) [netty-common-4.1.109.Final.jar:4.1.109.Final]
	at io.netty.channel.MultithreadEventLoopGroup.<init>(MultithreadEventLoopGroup.java:52) [netty-transport-4.1.109.Final.jar:4.1.109.Final]
	at io.netty.channel.nio.NioEventLoopGroup.<init>(NioEventLoopGroup.java:97) [netty-transport-4.1.109.Final.jar:4.1.109.Final]
	at io.netty.channel.nio.NioEventLoopGroup.<init>(NioEventLoopGroup.java:92) [netty-transport-4.1.109.Final.jar:4.1.109.Final]
	at io.netty.channel.nio.NioEventLoopGroup.<init>(NioEventLoopGroup.java:73) [netty-transport-4.1.109.Final.jar:4.1.109.Final]
	at io.netty.channel.nio.NioEventLoopGroup.<init>(NioEventLoopGroup.java:53) [netty-transport-4.1.109.Final.jar:4.1.109.Final]
	at io.netty.channel.nio.NioEventLoopGroup.<init>(NioEventLoopGroup.java:45) [netty-transport-4.1.109.Final.jar:4.1.109.Final]
	at ua.hillel.lessons.lesson33.demos._05_netty.example.client.NettyClient.main(NettyClient.java:18) [classes/:?]
[2025-01-14 20:04:23] [main] DEBUG io.netty.util.internal.PlatformDependent0 - java.nio.Bits.unaligned: available, true
[2025-01-14 20:04:23] [main] DEBUG io.netty.util.internal.PlatformDependent0 - jdk.internal.misc.Unsafe.allocateUninitializedArray(int): unavailable
java.lang.IllegalAccessException: class io.netty.util.internal.PlatformDependent0$7 cannot access class jdk.internal.misc.Unsafe (in module java.base) because module java.base does not export jdk.internal.misc to unnamed module @1e67a849
	at jdk.internal.reflect.Reflection.newIllegalAccessException(Reflection.java:394) ~[?:?]
	at java.lang.reflect.AccessibleObject.checkAccess(AccessibleObject.java:714) ~[?:?]
	at java.lang.reflect.Method.invoke(Method.java:571) ~[?:?]
	at io.netty.util.internal.PlatformDependent0$7.run(PlatformDependent0.java:429) ~[netty-common-4.1.109.Final.jar:4.1.109.Final]
	at java.security.AccessController.doPrivileged(AccessController.java:319) ~[?:?]
	at io.netty.util.internal.PlatformDependent0.<clinit>(PlatformDependent0.java:420) [netty-common-4.1.109.Final.jar:4.1.109.Final]
	at io.netty.util.internal.PlatformDependent.isAndroid(PlatformDependent.java:331) [netty-common-4.1.109.Final.jar:4.1.109.Final]
	at io.netty.util.internal.PlatformDependent.<clinit>(PlatformDependent.java:86) [netty-common-4.1.109.Final.jar:4.1.109.Final]
	at io.netty.channel.nio.NioEventLoop.<clinit>(NioEventLoop.java:84) [netty-transport-4.1.109.Final.jar:4.1.109.Final]
	at io.netty.channel.nio.NioEventLoopGroup.newChild(NioEventLoopGroup.java:182) [netty-transport-4.1.109.Final.jar:4.1.109.Final]
	at io.netty.channel.nio.NioEventLoopGroup.newChild(NioEventLoopGroup.java:38) [netty-transport-4.1.109.Final.jar:4.1.109.Final]
	at io.netty.util.concurrent.MultithreadEventExecutorGroup.<init>(MultithreadEventExecutorGroup.java:84) [netty-common-4.1.109.Final.jar:4.1.109.Final]
	at io.netty.util.concurrent.MultithreadEventExecutorGroup.<init>(MultithreadEventExecutorGroup.java:60) [netty-common-4.1.109.Final.jar:4.1.109.Final]
	at io.netty.channel.MultithreadEventLoopGroup.<init>(MultithreadEventLoopGroup.java:52) [netty-transport-4.1.109.Final.jar:4.1.109.Final]
	at io.netty.channel.nio.NioEventLoopGroup.<init>(NioEventLoopGroup.java:97) [netty-transport-4.1.109.Final.jar:4.1.109.Final]
	at io.netty.channel.nio.NioEventLoopGroup.<init>(NioEventLoopGroup.java:92) [netty-transport-4.1.109.Final.jar:4.1.109.Final]
	at io.netty.channel.nio.NioEventLoopGroup.<init>(NioEventLoopGroup.java:73) [netty-transport-4.1.109.Final.jar:4.1.109.Final]
	at io.netty.channel.nio.NioEventLoopGroup.<init>(NioEventLoopGroup.java:53) [netty-transport-4.1.109.Final.jar:4.1.109.Final]
	at io.netty.channel.nio.NioEventLoopGroup.<init>(NioEventLoopGroup.java:45) [netty-transport-4.1.109.Final.jar:4.1.109.Final]
	at ua.hillel.lessons.lesson33.demos._05_netty.example.client.NettyClient.main(NettyClient.java:18) [classes/:?]
[2025-01-14 20:04:23] [main] DEBUG io.netty.util.internal.PlatformDependent0 - java.nio.DirectByteBuffer.<init>(long, {int,long}): unavailable
[2025-01-14 20:04:23] [main] DEBUG io.netty.util.internal.PlatformDependent - sun.misc.Unsafe: available
[2025-01-14 20:04:23] [main] DEBUG io.netty.util.internal.PlatformDependent - -Dio.netty.tmpdir: C:\Users\Den\AppData\Local\Temp (java.io.tmpdir)
[2025-01-14 20:04:23] [main] DEBUG io.netty.util.internal.PlatformDependent - -Dio.netty.bitMode: 64 (sun.arch.data.model)
[2025-01-14 20:04:23] [main] DEBUG io.netty.util.internal.PlatformDependent - Platform: Windows
[2025-01-14 20:04:23] [main] DEBUG io.netty.util.internal.PlatformDependent - -Dio.netty.maxDirectMemory: -1 bytes
[2025-01-14 20:04:23] [main] DEBUG io.netty.util.internal.PlatformDependent - -Dio.netty.uninitializedArrayAllocationThreshold: -1
[2025-01-14 20:04:23] [main] DEBUG io.netty.util.internal.CleanerJava9 - java.nio.ByteBuffer.cleaner(): available
[2025-01-14 20:04:23] [main] DEBUG io.netty.util.internal.PlatformDependent - -Dio.netty.noPreferDirect: false
[2025-01-14 20:04:23] [main] DEBUG io.netty.channel.nio.NioEventLoop - -Dio.netty.noKeySetOptimization: false
[2025-01-14 20:04:23] [main] DEBUG io.netty.channel.nio.NioEventLoop - -Dio.netty.selectorAutoRebuildThreshold: 512
[2025-01-14 20:04:23] [main] DEBUG io.netty.util.internal.PlatformDependent - org.jctools-core.MpscChunkedArrayQueue: available
[2025-01-14 20:04:23] [main] TRACE io.netty.channel.nio.NioEventLoop - instrumented a special java.util.Set into: sun.nio.ch.WEPollSelectorImpl@6e15fe2
[2025-01-14 20:04:23] [main] TRACE io.netty.channel.nio.NioEventLoop - instrumented a special java.util.Set into: sun.nio.ch.WEPollSelectorImpl@3e2059ae
[2025-01-14 20:04:23] [main] TRACE io.netty.channel.nio.NioEventLoop - instrumented a special java.util.Set into: sun.nio.ch.WEPollSelectorImpl@398dada8
[2025-01-14 20:04:23] [main] TRACE io.netty.channel.nio.NioEventLoop - instrumented a special java.util.Set into: sun.nio.ch.WEPollSelectorImpl@7cb502c
[2025-01-14 20:04:23] [main] TRACE io.netty.channel.nio.NioEventLoop - instrumented a special java.util.Set into: sun.nio.ch.WEPollSelectorImpl@275bf9b3
[2025-01-14 20:04:23] [main] TRACE io.netty.channel.nio.NioEventLoop - instrumented a special java.util.Set into: sun.nio.ch.WEPollSelectorImpl@1b8a29df
[2025-01-14 20:04:23] [main] TRACE io.netty.channel.nio.NioEventLoop - instrumented a special java.util.Set into: sun.nio.ch.WEPollSelectorImpl@4fbe37eb
[2025-01-14 20:04:23] [main] TRACE io.netty.channel.nio.NioEventLoop - instrumented a special java.util.Set into: sun.nio.ch.WEPollSelectorImpl@12a94400
[2025-01-14 20:04:23] [main] TRACE io.netty.channel.nio.NioEventLoop - instrumented a special java.util.Set into: sun.nio.ch.WEPollSelectorImpl@6a47b187
[2025-01-14 20:04:23] [main] TRACE io.netty.channel.nio.NioEventLoop - instrumented a special java.util.Set into: sun.nio.ch.WEPollSelectorImpl@2049a9c1
[2025-01-14 20:04:23] [main] TRACE io.netty.channel.nio.NioEventLoop - instrumented a special java.util.Set into: sun.nio.ch.WEPollSelectorImpl@1ef6d34c
[2025-01-14 20:04:23] [main] TRACE io.netty.channel.nio.NioEventLoop - instrumented a special java.util.Set into: sun.nio.ch.WEPollSelectorImpl@46271dd6
[2025-01-14 20:04:23] [main] TRACE io.netty.channel.nio.NioEventLoop - instrumented a special java.util.Set into: sun.nio.ch.WEPollSelectorImpl@11bb571c
[2025-01-14 20:04:23] [main] TRACE io.netty.channel.nio.NioEventLoop - instrumented a special java.util.Set into: sun.nio.ch.WEPollSelectorImpl@7c51f34b
[2025-01-14 20:04:23] [main] TRACE io.netty.channel.nio.NioEventLoop - instrumented a special java.util.Set into: sun.nio.ch.WEPollSelectorImpl@5495333e
[2025-01-14 20:04:23] [main] TRACE io.netty.channel.nio.NioEventLoop - instrumented a special java.util.Set into: sun.nio.ch.WEPollSelectorImpl@2a225dd7
[2025-01-14 20:04:23] [main] TRACE io.netty.channel.nio.NioEventLoop - instrumented a special java.util.Set into: sun.nio.ch.WEPollSelectorImpl@61eaec38
[2025-01-14 20:04:23] [main] TRACE io.netty.channel.nio.NioEventLoop - instrumented a special java.util.Set into: sun.nio.ch.WEPollSelectorImpl@125290e5
[2025-01-14 20:04:23] [main] TRACE io.netty.channel.nio.NioEventLoop - instrumented a special java.util.Set into: sun.nio.ch.WEPollSelectorImpl@6fa34d52
[2025-01-14 20:04:23] [main] TRACE io.netty.channel.nio.NioEventLoop - instrumented a special java.util.Set into: sun.nio.ch.WEPollSelectorImpl@57576994
[2025-01-14 20:04:23] [main] TRACE io.netty.channel.nio.NioEventLoop - instrumented a special java.util.Set into: sun.nio.ch.WEPollSelectorImpl@616ac46a
[2025-01-14 20:04:23] [main] TRACE io.netty.channel.nio.NioEventLoop - instrumented a special java.util.Set into: sun.nio.ch.WEPollSelectorImpl@67b9b51a
[2025-01-14 20:04:23] [main] TRACE io.netty.channel.nio.NioEventLoop - instrumented a special java.util.Set into: sun.nio.ch.WEPollSelectorImpl@1205bd62
[2025-01-14 20:04:23] [main] TRACE io.netty.channel.nio.NioEventLoop - instrumented a special java.util.Set into: sun.nio.ch.WEPollSelectorImpl@7ef27d7f
[2025-01-14 20:04:23] [main] DEBUG io.netty.channel.DefaultChannelId - -Dio.netty.processId: 5236 (auto-detected)
[2025-01-14 20:04:23] [main] DEBUG io.netty.util.NetUtil - -Djava.net.preferIPv4Stack: false
[2025-01-14 20:04:23] [main] DEBUG io.netty.util.NetUtil - -Djava.net.preferIPv6Addresses: false
[2025-01-14 20:04:23] [main] DEBUG io.netty.util.NetUtilInitializations - Loopback interface: loopback_0 (Software Loopback Interface 1, 0:0:0:0:0:0:0:1)
[2025-01-14 20:04:23] [main] DEBUG io.netty.util.NetUtil - Failed to get SOMAXCONN from sysctl and file \proc\sys\net\core\somaxconn. Default: 200
[2025-01-14 20:04:23] [main] DEBUG io.netty.channel.DefaultChannelId - -Dio.netty.machineId: 00:15:5d:ff:fe:8d:c1:7a (auto-detected)
[2025-01-14 20:04:23] [main] DEBUG io.netty.util.ResourceLeakDetector - -Dio.netty.leakDetection.level: simple
[2025-01-14 20:04:23] [main] DEBUG io.netty.util.ResourceLeakDetector - -Dio.netty.leakDetection.targetRecords: 4
[2025-01-14 20:04:23] [main] DEBUG io.netty.buffer.PooledByteBufAllocator - -Dio.netty.allocator.numHeapArenas: 24
[2025-01-14 20:04:23] [main] DEBUG io.netty.buffer.PooledByteBufAllocator - -Dio.netty.allocator.numDirectArenas: 24
[2025-01-14 20:04:23] [main] DEBUG io.netty.buffer.PooledByteBufAllocator - -Dio.netty.allocator.pageSize: 8192
[2025-01-14 20:04:23] [main] DEBUG io.netty.buffer.PooledByteBufAllocator - -Dio.netty.allocator.maxOrder: 9
[2025-01-14 20:04:23] [main] DEBUG io.netty.buffer.PooledByteBufAllocator - -Dio.netty.allocator.chunkSize: 4194304
[2025-01-14 20:04:23] [main] DEBUG io.netty.buffer.PooledByteBufAllocator - -Dio.netty.allocator.smallCacheSize: 256
[2025-01-14 20:04:23] [main] DEBUG io.netty.buffer.PooledByteBufAllocator - -Dio.netty.allocator.normalCacheSize: 64
[2025-01-14 20:04:23] [main] DEBUG io.netty.buffer.PooledByteBufAllocator - -Dio.netty.allocator.maxCachedBufferCapacity: 32768
[2025-01-14 20:04:23] [main] DEBUG io.netty.buffer.PooledByteBufAllocator - -Dio.netty.allocator.cacheTrimInterval: 8192
[2025-01-14 20:04:23] [main] DEBUG io.netty.buffer.PooledByteBufAllocator - -Dio.netty.allocator.cacheTrimIntervalMillis: 0
[2025-01-14 20:04:23] [main] DEBUG io.netty.buffer.PooledByteBufAllocator - -Dio.netty.allocator.useCacheForAllThreads: false
[2025-01-14 20:04:23] [main] DEBUG io.netty.buffer.PooledByteBufAllocator - -Dio.netty.allocator.maxCachedByteBuffersPerChunk: 1023
[2025-01-14 20:04:23] [main] DEBUG io.netty.buffer.ByteBufUtil - -Dio.netty.allocator.type: pooled
[2025-01-14 20:04:23] [main] DEBUG io.netty.buffer.ByteBufUtil - -Dio.netty.threadLocalDirectBufferSize: 0
[2025-01-14 20:04:23] [main] DEBUG io.netty.buffer.ByteBufUtil - -Dio.netty.maxThreadLocalCharBufferSize: 16384
[2025-01-14 20:04:23] [main] DEBUG io.netty.bootstrap.ChannelInitializerExtensions - -Dio.netty.bootstrap.extensions: null
[2025-01-14 20:04:23] [main] DEBUG io.netty.util.Recycler - -Dio.netty.recycler.maxCapacityPerThread: 4096
[2025-01-14 20:04:23] [main] DEBUG io.netty.util.Recycler - -Dio.netty.recycler.ratio: 8
[2025-01-14 20:04:23] [main] DEBUG io.netty.util.Recycler - -Dio.netty.recycler.chunkSize: 32
[2025-01-14 20:04:23] [main] DEBUG io.netty.util.Recycler - -Dio.netty.recycler.blocking: false
[2025-01-14 20:04:23] [main] DEBUG io.netty.util.Recycler - -Dio.netty.recycler.batchFastThreadLocalOnly: true
[2025-01-14 20:04:23] [nioEventLoopGroup-2-1] DEBUG io.netty.buffer.AbstractByteBuf - -Dio.netty.buffer.checkAccessible: true
[2025-01-14 20:04:23] [nioEventLoopGroup-2-1] DEBUG io.netty.buffer.AbstractByteBuf - -Dio.netty.buffer.checkBounds: true
[2025-01-14 20:04:23] [nioEventLoopGroup-2-1] DEBUG io.netty.util.ResourceLeakDetectorFactory - Loaded default ResourceLeakDetector: io.netty.util.ResourceLeakDetector@756604c9
[2025-01-14 20:04:23] [nioEventLoopGroup-3-1] DEBUG io.netty.util.Recycler - -Dio.netty.recycler.maxCapacityPerThread: 4096
[2025-01-14 20:04:23] [nioEventLoopGroup-3-1] DEBUG io.netty.util.Recycler - -Dio.netty.recycler.ratio: 8
[2025-01-14 20:04:23] [nioEventLoopGroup-3-1] DEBUG io.netty.util.Recycler - -Dio.netty.recycler.chunkSize: 32
[2025-01-14 20:04:23] [nioEventLoopGroup-3-1] DEBUG io.netty.util.Recycler - -Dio.netty.recycler.blocking: false
[2025-01-14 20:04:23] [nioEventLoopGroup-3-1] DEBUG io.netty.util.Recycler - -Dio.netty.recycler.batchFastThreadLocalOnly: true
[2025-01-14 20:04:23] [nioEventLoopGroup-3-1] DEBUG io.netty.buffer.AbstractByteBuf - -Dio.netty.buffer.checkAccessible: true
[2025-01-14 20:04:23] [nioEventLoopGroup-3-1] DEBUG io.netty.buffer.AbstractByteBuf - -Dio.netty.buffer.checkBounds: true
[2025-01-14 20:04:23] [nioEventLoopGroup-3-1] DEBUG io.netty.util.ResourceLeakDetectorFactory - Loaded default ResourceLeakDetector: io.netty.util.ResourceLeakDetector@35f8af3e
