янв. 07, 2025 6:49:46 PM ua.hillel.lessons.lesson32.jul.demo_01.JULDemo main
SEVERE: This is a SEVER level log message
янв. 07, 2025 6:49:46 PM ua.hillel.lessons.lesson32.jul.demo_01.JULDemo main
WARNING: This is a WARNING level log message
янв. 07, 2025 6:49:46 PM ua.hillel.lessons.lesson32.jul.demo_01.JULDemo main
INFO: This is a INFO level log message
янв. 07, 2025 6:49:46 PM ua.hillel.lessons.lesson32.jul.demo_01.JULDemo main
CONFIG: This is a CONFIG level log message
янв. 07, 2025 6:49:52 PM ua.hillel.lessons.lesson32.jul.demo_01.JULDemo main
SEVERE: This is a SEVER level log message
янв. 07, 2025 6:49:52 PM ua.hillel.lessons.lesson32.jul.demo_01.JULDemo main
WARNING: This is a WARNING level log message
янв. 07, 2025 6:49:52 PM ua.hillel.lessons.lesson32.jul.demo_01.JULDemo main
INFO: This is a INFO level log message
янв. 07, 2025 6:49:52 PM ua.hillel.lessons.lesson32.jul.demo_01.JULDemo main
CONFIG: This is a CONFIG level log message
янв. 07, 2025 6:49:58 PM ua.hillel.lessons.lesson32.jul.demo_01.JULDemo main
SEVERE: This is a SEVER level log message
янв. 07, 2025 6:49:58 PM ua.hillel.lessons.lesson32.jul.demo_01.JULDemo main
WARNING: This is a WARNING level log message
янв. 07, 2025 6:49:58 PM ua.hillel.lessons.lesson32.jul.demo_01.JULDemo main
INFO: This is a INFO level log message
янв. 07, 2025 6:49:58 PM ua.hillel.lessons.lesson32.jul.demo_01.JULDemo main
CONFIG: This is a CONFIG level log message
